{"/Users/segue/Desktop/SDC/reviews-system/database/index.js": {"path":"/Users/segue/Desktop/SDC/reviews-system/database/index.js","statementMap":{"0":{"start":{"line":1,"column":0},"end":{"line":1,"column":27}},"1":{"start":{"line":2,"column":19},"end":{"line":2,"column":32}},"2":{"start":{"line":4,"column":15},"end":{"line":10,"column":2}},"3":{"start":{"line":12,"column":0},"end":{"line":12,"column":17}},"4":{"start":{"line":13,"column":0},"end":{"line":13,"column":61}},"5":{"start":{"line":55,"column":0},"end":{"line":55,"column":24}}},"fnMap":{},"branchMap":{},"s":{"0":1,"1":1,"2":1,"3":1,"4":1,"5":1},"f":{},"b":{},"_coverageSchema":"1a1c01bbd47fc00a2c39e90264f33305004495a9","hash":"2ecbbda405ebf3065c41b8e9cd37b1c66e855c64"}
,"/Users/segue/Desktop/SDC/reviews-system/server/controller/index.js": {"path":"/Users/segue/Desktop/SDC/reviews-system/server/controller/index.js","statementMap":{"0":{"start":{"line":1,"column":0},"end":{"line":1,"column":46}}},"fnMap":{},"branchMap":{},"s":{"0":1},"f":{},"b":{},"_coverageSchema":"1a1c01bbd47fc00a2c39e90264f33305004495a9","hash":"11fb94c154bcbba91f8e96f2331d735113a8a993"}
,"/Users/segue/Desktop/SDC/reviews-system/server/controller/reviews.js": {"path":"/Users/segue/Desktop/SDC/reviews-system/server/controller/reviews.js","statementMap":{"0":{"start":{"line":9,"column":20},"end":{"line":9,"column":39}},"1":{"start":{"line":13,"column":0},"end":{"line":120,"column":2}},"2":{"start":{"line":17,"column":22},"end":{"line":17,"column":42}},"3":{"start":{"line":18,"column":17},"end":{"line":18,"column":36}},"4":{"start":{"line":19,"column":18},"end":{"line":19,"column":38}},"5":{"start":{"line":20,"column":17},"end":{"line":20,"column":43}},"6":{"start":{"line":22,"column":4},"end":{"line":33,"column":9}},"7":{"start":{"line":24,"column":8},"end":{"line":29,"column":11}},"8":{"start":{"line":31,"column":8},"end":{"line":31,"column":64}},"9":{"start":{"line":32,"column":8},"end":{"line":32,"column":28}},"10":{"start":{"line":37,"column":4},"end":{"line":37,"column":51}},"11":{"start":{"line":38,"column":22},"end":{"line":38,"column":42}},"12":{"start":{"line":39,"column":20},"end":{"line":39,"column":22}},"13":{"start":{"line":40,"column":28},"end":{"line":40,"column":30}},"14":{"start":{"line":41,"column":24},"end":{"line":41,"column":26}},"15":{"start":{"line":42,"column":21},"end":{"line":42,"column":23}},"16":{"start":{"line":43,"column":4},"end":{"line":75,"column":7}},"17":{"start":{"line":44,"column":6},"end":{"line":48,"column":9}},"18":{"start":{"line":46,"column":8},"end":{"line":46,"column":46}},"19":{"start":{"line":49,"column":6},"end":{"line":57,"column":9}},"20":{"start":{"line":50,"column":8},"end":{"line":56,"column":9}},"21":{"start":{"line":51,"column":10},"end":{"line":51,"column":36}},"22":{"start":{"line":52,"column":10},"end":{"line":52,"column":63}},"23":{"start":{"line":53,"column":15},"end":{"line":56,"column":9}},"24":{"start":{"line":54,"column":10},"end":{"line":54,"column":36}},"25":{"start":{"line":55,"column":10},"end":{"line":55,"column":63}},"26":{"start":{"line":59,"column":6},"end":{"line":64,"column":9}},"27":{"start":{"line":60,"column":8},"end":{"line":63,"column":10}},"28":{"start":{"line":66,"column":6},"end":{"line":66,"column":38}},"29":{"start":{"line":67,"column":6},"end":{"line":67,"column":33}},"30":{"start":{"line":68,"column":6},"end":{"line":68,"column":41}},"31":{"start":{"line":69,"column":6},"end":{"line":69,"column":49}},"32":{"start":{"line":70,"column":6},"end":{"line":70,"column":40}},"33":{"start":{"line":71,"column":6},"end":{"line":71,"column":25}},"34":{"start":{"line":73,"column":6},"end":{"line":73,"column":72}},"35":{"start":{"line":74,"column":6},"end":{"line":74,"column":26}},"36":{"start":{"line":83,"column":8},"end":{"line":83,"column":16}},"37":{"start":{"line":84,"column":4},"end":{"line":84,"column":36}},"38":{"start":{"line":85,"column":4},"end":{"line":85,"column":25}},"39":{"start":{"line":86,"column":4},"end":{"line":86,"column":28}},"40":{"start":{"line":87,"column":4},"end":{"line":87,"column":22}},"41":{"start":{"line":88,"column":4},"end":{"line":88,"column":35}},"42":{"start":{"line":89,"column":4},"end":{"line":89,"column":22}},"43":{"start":{"line":90,"column":4},"end":{"line":90,"column":24}},"44":{"start":{"line":91,"column":4},"end":{"line":91,"column":26}},"45":{"start":{"line":92,"column":4},"end":{"line":92,"column":44}},"46":{"start":{"line":93,"column":4},"end":{"line":93,"column":126}},"47":{"start":{"line":94,"column":4},"end":{"line":99,"column":7}},"48":{"start":{"line":95,"column":6},"end":{"line":95,"column":26}},"49":{"start":{"line":97,"column":6},"end":{"line":97,"column":71}},"50":{"start":{"line":98,"column":6},"end":{"line":98,"column":26}},"51":{"start":{"line":103,"column":4},"end":{"line":108,"column":7}},"52":{"start":{"line":104,"column":6},"end":{"line":104,"column":40}},"53":{"start":{"line":105,"column":6},"end":{"line":105,"column":26}},"54":{"start":{"line":107,"column":6},"end":{"line":107,"column":26}},"55":{"start":{"line":112,"column":4},"end":{"line":118,"column":9}},"56":{"start":{"line":114,"column":8},"end":{"line":114,"column":48}},"57":{"start":{"line":115,"column":8},"end":{"line":115,"column":28}},"58":{"start":{"line":117,"column":8},"end":{"line":117,"column":28}}},"fnMap":{"0":{"name":"(anonymous_0)","decl":{"start":{"line":15,"column":14},"end":{"line":15,"column":15}},"loc":{"start":{"line":15,"column":28},"end":{"line":34,"column":3}},"line":15},"1":{"name":"(anonymous_1)","decl":{"start":{"line":23,"column":12},"end":{"line":23,"column":13}},"loc":{"start":{"line":23,"column":22},"end":{"line":30,"column":7}},"line":23},"2":{"name":"(anonymous_2)","decl":{"start":{"line":30,"column":15},"end":{"line":30,"column":16}},"loc":{"start":{"line":30,"column":24},"end":{"line":33,"column":7}},"line":30},"3":{"name":"(anonymous_3)","decl":{"start":{"line":36,"column":22},"end":{"line":36,"column":23}},"loc":{"start":{"line":36,"column":36},"end":{"line":76,"column":3}},"line":36},"4":{"name":"(anonymous_4)","decl":{"start":{"line":43,"column":47},"end":{"line":43,"column":48}},"loc":{"start":{"line":43,"column":57},"end":{"line":72,"column":5}},"line":43},"5":{"name":"(anonymous_5)","decl":{"start":{"line":44,"column":27},"end":{"line":44,"column":28}},"loc":{"start":{"line":44,"column":39},"end":{"line":48,"column":7}},"line":44},"6":{"name":"(anonymous_6)","decl":{"start":{"line":49,"column":27},"end":{"line":49,"column":28}},"loc":{"start":{"line":49,"column":42},"end":{"line":57,"column":7}},"line":49},"7":{"name":"(anonymous_7)","decl":{"start":{"line":59,"column":27},"end":{"line":59,"column":28}},"loc":{"start":{"line":59,"column":47},"end":{"line":64,"column":7}},"line":59},"8":{"name":"(anonymous_8)","decl":{"start":{"line":72,"column":13},"end":{"line":72,"column":14}},"loc":{"start":{"line":72,"column":22},"end":{"line":75,"column":5}},"line":72},"9":{"name":"(anonymous_9)","decl":{"start":{"line":78,"column":14},"end":{"line":78,"column":15}},"loc":{"start":{"line":78,"column":28},"end":{"line":100,"column":3}},"line":78},"10":{"name":"(anonymous_10)","decl":{"start":{"line":94,"column":112},"end":{"line":94,"column":113}},"loc":{"start":{"line":94,"column":118},"end":{"line":96,"column":5}},"line":94},"11":{"name":"(anonymous_11)","decl":{"start":{"line":96,"column":13},"end":{"line":96,"column":14}},"loc":{"start":{"line":96,"column":22},"end":{"line":99,"column":5}},"line":96},"12":{"name":"(anonymous_12)","decl":{"start":{"line":102,"column":23},"end":{"line":102,"column":24}},"loc":{"start":{"line":102,"column":37},"end":{"line":109,"column":3}},"line":102},"13":{"name":"(anonymous_13)","decl":{"start":{"line":103,"column":59},"end":{"line":103,"column":60}},"loc":{"start":{"line":103,"column":69},"end":{"line":106,"column":5}},"line":103},"14":{"name":"(anonymous_14)","decl":{"start":{"line":106,"column":13},"end":{"line":106,"column":14}},"loc":{"start":{"line":106,"column":19},"end":{"line":108,"column":5}},"line":106},"15":{"name":"(anonymous_15)","decl":{"start":{"line":111,"column":16},"end":{"line":111,"column":17}},"loc":{"start":{"line":111,"column":30},"end":{"line":119,"column":3}},"line":111},"16":{"name":"(anonymous_16)","decl":{"start":{"line":113,"column":12},"end":{"line":113,"column":13}},"loc":{"start":{"line":113,"column":22},"end":{"line":116,"column":7}},"line":113},"17":{"name":"(anonymous_17)","decl":{"start":{"line":116,"column":15},"end":{"line":116,"column":16}},"loc":{"start":{"line":116,"column":21},"end":{"line":118,"column":7}},"line":116}},"branchMap":{"0":{"loc":{"start":{"line":18,"column":17},"end":{"line":18,"column":36}},"type":"binary-expr","locations":[{"start":{"line":18,"column":17},"end":{"line":18,"column":31}},{"start":{"line":18,"column":35},"end":{"line":18,"column":36}}],"line":18},"1":{"loc":{"start":{"line":19,"column":18},"end":{"line":19,"column":38}},"type":"binary-expr","locations":[{"start":{"line":19,"column":18},"end":{"line":19,"column":33}},{"start":{"line":19,"column":37},"end":{"line":19,"column":38}}],"line":19},"2":{"loc":{"start":{"line":20,"column":17},"end":{"line":20,"column":43}},"type":"binary-expr","locations":[{"start":{"line":20,"column":17},"end":{"line":20,"column":31}},{"start":{"line":20,"column":35},"end":{"line":20,"column":43}}],"line":20},"3":{"loc":{"start":{"line":50,"column":8},"end":{"line":56,"column":9}},"type":"if","locations":[{"start":{"line":50,"column":8},"end":{"line":56,"column":9}},{"start":{"line":53,"column":15},"end":{"line":56,"column":9}}],"line":50},"4":{"loc":{"start":{"line":53,"column":15},"end":{"line":56,"column":9}},"type":"if","locations":[{"start":{"line":53,"column":15},"end":{"line":56,"column":9}},{"start":{},"end":{}}],"line":53},"5":{"loc":{"start":{"line":85,"column":13},"end":{"line":85,"column":24}},"type":"binary-expr","locations":[{"start":{"line":85,"column":13},"end":{"line":85,"column":19}},{"start":{"line":85,"column":23},"end":{"line":85,"column":24}}],"line":85},"6":{"loc":{"start":{"line":86,"column":14},"end":{"line":86,"column":27}},"type":"binary-expr","locations":[{"start":{"line":86,"column":14},"end":{"line":86,"column":21}},{"start":{"line":86,"column":25},"end":{"line":86,"column":27}}],"line":86},"7":{"loc":{"start":{"line":87,"column":11},"end":{"line":87,"column":21}},"type":"binary-expr","locations":[{"start":{"line":87,"column":11},"end":{"line":87,"column":15}},{"start":{"line":87,"column":19},"end":{"line":87,"column":21}}],"line":87},"8":{"loc":{"start":{"line":88,"column":16},"end":{"line":88,"column":34}},"type":"binary-expr","locations":[{"start":{"line":88,"column":16},"end":{"line":88,"column":25}},{"start":{"line":88,"column":29},"end":{"line":88,"column":34}}],"line":88},"9":{"loc":{"start":{"line":89,"column":11},"end":{"line":89,"column":21}},"type":"binary-expr","locations":[{"start":{"line":89,"column":11},"end":{"line":89,"column":15}},{"start":{"line":89,"column":19},"end":{"line":89,"column":21}}],"line":89},"10":{"loc":{"start":{"line":90,"column":12},"end":{"line":90,"column":23}},"type":"binary-expr","locations":[{"start":{"line":90,"column":12},"end":{"line":90,"column":17}},{"start":{"line":90,"column":21},"end":{"line":90,"column":23}}],"line":90},"11":{"loc":{"start":{"line":91,"column":13},"end":{"line":91,"column":25}},"type":"binary-expr","locations":[{"start":{"line":91,"column":13},"end":{"line":91,"column":19}},{"start":{"line":91,"column":23},"end":{"line":91,"column":25}}],"line":91},"12":{"loc":{"start":{"line":92,"column":22},"end":{"line":92,"column":43}},"type":"binary-expr","locations":[{"start":{"line":92,"column":22},"end":{"line":92,"column":37}},{"start":{"line":92,"column":41},"end":{"line":92,"column":43}}],"line":92}},"s":{"0":1,"1":1,"2":1,"3":1,"4":1,"5":1,"6":1,"7":1,"8":0,"9":0,"10":0,"11":0,"12":0,"13":0,"14":0,"15":0,"16":0,"17":0,"18":0,"19":0,"20":0,"21":0,"22":0,"23":0,"24":0,"25":0,"26":0,"27":0,"28":0,"29":0,"30":0,"31":0,"32":0,"33":0,"34":0,"35":0,"36":1,"37":1,"38":1,"39":1,"40":1,"41":1,"42":1,"43":1,"44":1,"45":1,"46":1,"47":1,"48":1,"49":0,"50":0,"51":0,"52":0,"53":0,"54":0,"55":0,"56":0,"57":0,"58":0},"f":{"0":1,"1":1,"2":0,"3":0,"4":0,"5":0,"6":0,"7":0,"8":0,"9":1,"10":1,"11":0,"12":0,"13":0,"14":0,"15":0,"16":0,"17":0},"b":{"0":[1,1],"1":[1,1],"2":[1,1],"3":[0,0],"4":[0,0],"5":[1,1],"6":[1,1],"7":[1,1],"8":[1,1],"9":[1,1],"10":[1,1],"11":[1,1],"12":[1,1]},"_coverageSchema":"1a1c01bbd47fc00a2c39e90264f33305004495a9","hash":"1830671924fe10dc9476258854987a3e579a903f"}
,"/Users/segue/Desktop/SDC/reviews-system/server/model/index.js": {"path":"/Users/segue/Desktop/SDC/reviews-system/server/model/index.js","statementMap":{"0":{"start":{"line":1,"column":0},"end":{"line":1,"column":46}}},"fnMap":{},"branchMap":{},"s":{"0":1},"f":{},"b":{},"_coverageSchema":"1a1c01bbd47fc00a2c39e90264f33305004495a9","hash":"0ff95f33991fa85d6556d09c541a1a527b54becb"}
,"/Users/segue/Desktop/SDC/reviews-system/server/model/reviews.js": {"path":"/Users/segue/Desktop/SDC/reviews-system/server/model/reviews.js","statementMap":{"0":{"start":{"line":3,"column":15},"end":{"line":3,"column":40}},"1":{"start":{"line":6,"column":0},"end":{"line":107,"column":2}},"2":{"start":{"line":9,"column":14},"end":{"line":9,"column":16}},"3":{"start":{"line":10,"column":4},"end":{"line":16,"column":5}},"4":{"start":{"line":11,"column":6},"end":{"line":11,"column":35}},"5":{"start":{"line":12,"column":11},"end":{"line":16,"column":5}},"6":{"start":{"line":13,"column":6},"end":{"line":13,"column":42}},"7":{"start":{"line":14,"column":11},"end":{"line":16,"column":5}},"8":{"start":{"line":15,"column":6},"end":{"line":15,"column":55}},"9":{"start":{"line":19,"column":4},"end":{"line":29,"column":101}},"10":{"start":{"line":29,"column":53},"end":{"line":29,"column":99}},"11":{"start":{"line":34,"column":25},"end":{"line":39,"column":5}},"12":{"start":{"line":41,"column":27},"end":{"line":46,"column":5}},"13":{"start":{"line":48,"column":22},"end":{"line":54,"column":5}},"14":{"start":{"line":55,"column":21},"end":{"line":55,"column":119}},"15":{"start":{"line":55,"column":63},"end":{"line":55,"column":118}},"16":{"start":{"line":56,"column":22},"end":{"line":56,"column":125}},"17":{"start":{"line":56,"column":66},"end":{"line":56,"column":124}},"18":{"start":{"line":57,"column":23},"end":{"line":57,"column":127}},"19":{"start":{"line":57,"column":62},"end":{"line":57,"column":126}},"20":{"start":{"line":59,"column":4},"end":{"line":59,"column":58}},"21":{"start":{"line":63,"column":18},"end":{"line":68,"column":5}},"22":{"start":{"line":69,"column":4},"end":{"line":83,"column":7}},"23":{"start":{"line":70,"column":6},"end":{"line":70,"column":32}},"24":{"start":{"line":71,"column":24},"end":{"line":71,"column":39}},"25":{"start":{"line":72,"column":6},"end":{"line":76,"column":9}},"26":{"start":{"line":73,"column":8},"end":{"line":75,"column":83}},"27":{"start":{"line":75,"column":26},"end":{"line":75,"column":81}},"28":{"start":{"line":77,"column":6},"end":{"line":77,"column":73}},"29":{"start":{"line":78,"column":6},"end":{"line":82,"column":9}},"30":{"start":{"line":79,"column":8},"end":{"line":81,"column":90}},"31":{"start":{"line":80,"column":19},"end":{"line":80,"column":43}},"32":{"start":{"line":81,"column":25},"end":{"line":81,"column":88}},"33":{"start":{"line":88,"column":25},"end":{"line":93,"column":5}},"34":{"start":{"line":95,"column":4},"end":{"line":95,"column":113}},"35":{"start":{"line":95,"column":53},"end":{"line":95,"column":111}},"36":{"start":{"line":99,"column":24},"end":{"line":104,"column":5}},"37":{"start":{"line":105,"column":4},"end":{"line":105,"column":103}},"38":{"start":{"line":105,"column":52},"end":{"line":105,"column":101}}},"fnMap":{"0":{"name":"(anonymous_0)","decl":{"start":{"line":7,"column":14},"end":{"line":7,"column":15}},"loc":{"start":{"line":7,"column":49},"end":{"line":30,"column":3}},"line":7},"1":{"name":"(anonymous_1)","decl":{"start":{"line":29,"column":44},"end":{"line":29,"column":45}},"loc":{"start":{"line":29,"column":53},"end":{"line":29,"column":99}},"line":29},"2":{"name":"(anonymous_2)","decl":{"start":{"line":32,"column":22},"end":{"line":32,"column":23}},"loc":{"start":{"line":32,"column":38},"end":{"line":60,"column":3}},"line":32},"3":{"name":"(anonymous_3)","decl":{"start":{"line":55,"column":54},"end":{"line":55,"column":55}},"loc":{"start":{"line":55,"column":63},"end":{"line":55,"column":118}},"line":55},"4":{"name":"(anonymous_4)","decl":{"start":{"line":56,"column":57},"end":{"line":56,"column":58}},"loc":{"start":{"line":56,"column":66},"end":{"line":56,"column":124}},"line":56},"5":{"name":"(anonymous_5)","decl":{"start":{"line":57,"column":53},"end":{"line":57,"column":54}},"loc":{"start":{"line":57,"column":62},"end":{"line":57,"column":126}},"line":57},"6":{"name":"(anonymous_6)","decl":{"start":{"line":62,"column":14},"end":{"line":62,"column":15}},"loc":{"start":{"line":62,"column":102},"end":{"line":84,"column":3}},"line":62},"7":{"name":"(anonymous_7)","decl":{"start":{"line":69,"column":36},"end":{"line":69,"column":37}},"loc":{"start":{"line":69,"column":46},"end":{"line":83,"column":5}},"line":69},"8":{"name":"(anonymous_8)","decl":{"start":{"line":72,"column":21},"end":{"line":72,"column":22}},"loc":{"start":{"line":72,"column":32},"end":{"line":76,"column":7}},"line":72},"9":{"name":"(anonymous_9)","decl":{"start":{"line":75,"column":17},"end":{"line":75,"column":18}},"loc":{"start":{"line":75,"column":26},"end":{"line":75,"column":81}},"line":75},"10":{"name":"(anonymous_10)","decl":{"start":{"line":78,"column":43},"end":{"line":78,"column":44}},"loc":{"start":{"line":78,"column":51},"end":{"line":82,"column":7}},"line":78},"11":{"name":"(anonymous_11)","decl":{"start":{"line":80,"column":10},"end":{"line":80,"column":11}},"loc":{"start":{"line":80,"column":19},"end":{"line":80,"column":43}},"line":80},"12":{"name":"(anonymous_12)","decl":{"start":{"line":81,"column":16},"end":{"line":81,"column":17}},"loc":{"start":{"line":81,"column":25},"end":{"line":81,"column":88}},"line":81},"13":{"name":"(anonymous_13)","decl":{"start":{"line":86,"column":23},"end":{"line":86,"column":24}},"loc":{"start":{"line":86,"column":38},"end":{"line":96,"column":3}},"line":86},"14":{"name":"(anonymous_14)","decl":{"start":{"line":95,"column":44},"end":{"line":95,"column":45}},"loc":{"start":{"line":95,"column":53},"end":{"line":95,"column":111}},"line":95},"15":{"name":"(anonymous_15)","decl":{"start":{"line":98,"column":16},"end":{"line":98,"column":17}},"loc":{"start":{"line":98,"column":31},"end":{"line":106,"column":3}},"line":98},"16":{"name":"(anonymous_16)","decl":{"start":{"line":105,"column":43},"end":{"line":105,"column":44}},"loc":{"start":{"line":105,"column":52},"end":{"line":105,"column":101}},"line":105}},"branchMap":{"0":{"loc":{"start":{"line":10,"column":4},"end":{"line":16,"column":5}},"type":"if","locations":[{"start":{"line":10,"column":4},"end":{"line":16,"column":5}},{"start":{"line":12,"column":11},"end":{"line":16,"column":5}}],"line":10},"1":{"loc":{"start":{"line":12,"column":11},"end":{"line":16,"column":5}},"type":"if","locations":[{"start":{"line":12,"column":11},"end":{"line":16,"column":5}},{"start":{"line":14,"column":11},"end":{"line":16,"column":5}}],"line":12},"2":{"loc":{"start":{"line":14,"column":11},"end":{"line":16,"column":5}},"type":"if","locations":[{"start":{"line":14,"column":11},"end":{"line":16,"column":5}},{"start":{},"end":{}}],"line":14}},"s":{"0":1,"1":1,"2":1,"3":1,"4":1,"5":0,"6":0,"7":0,"8":0,"9":1,"10":0,"11":0,"12":0,"13":0,"14":0,"15":0,"16":0,"17":0,"18":0,"19":0,"20":0,"21":1,"22":1,"23":1,"24":1,"25":1,"26":0,"27":0,"28":1,"29":1,"30":0,"31":0,"32":0,"33":0,"34":0,"35":0,"36":0,"37":0,"38":0},"f":{"0":1,"1":0,"2":0,"3":0,"4":0,"5":0,"6":1,"7":1,"8":0,"9":0,"10":0,"11":0,"12":0,"13":0,"14":0,"15":0,"16":0},"b":{"0":[1,0],"1":[0,0],"2":[0,0]},"_coverageSchema":"1a1c01bbd47fc00a2c39e90264f33305004495a9","hash":"8fc0d87d1c2faaaeb9db3e3e026afc6db7caa426"}
,"/Users/segue/Desktop/SDC/reviews-system/server/router/index.js": {"path":"/Users/segue/Desktop/SDC/reviews-system/server/router/index.js","statementMap":{"0":{"start":{"line":1,"column":15},"end":{"line":1,"column":42}},"1":{"start":{"line":2,"column":20},"end":{"line":2,"column":44}},"2":{"start":{"line":4,"column":0},"end":{"line":4,"column":43}},"3":{"start":{"line":5,"column":0},"end":{"line":5,"column":44}},"4":{"start":{"line":6,"column":0},"end":{"line":6,"column":71}},"5":{"start":{"line":7,"column":0},"end":{"line":7,"column":63}},"6":{"start":{"line":8,"column":0},"end":{"line":8,"column":56}},"7":{"start":{"line":10,"column":0},"end":{"line":10,"column":24}}},"fnMap":{},"branchMap":{},"s":{"0":1,"1":1,"2":1,"3":1,"4":1,"5":1,"6":1,"7":1},"f":{},"b":{},"_coverageSchema":"1a1c01bbd47fc00a2c39e90264f33305004495a9","hash":"e3b2d2623bca698465a8b38e14986d61ea9e18de"}
}
