TN:
SF:database/index.js
FNF:0
FNH:0
DA:1,1
DA:2,1
DA:4,1
DA:12,1
DA:13,1
DA:55,1
LF:6
LH:6
BRF:0
BRH:0
end_of_record
TN:
SF:server/controller/index.js
FNF:0
FNH:0
DA:1,1
LF:1
LH:1
BRF:0
BRH:0
end_of_record
TN:
SF:server/controller/reviews.js
FN:15,(anonymous_0)
FN:23,(anonymous_1)
FN:30,(anonymous_2)
FN:36,(anonymous_3)
FN:43,(anonymous_4)
FN:44,(anonymous_5)
FN:49,(anonymous_6)
FN:59,(anonymous_7)
FN:72,(anonymous_8)
FN:78,(anonymous_9)
FN:94,(anonymous_10)
FN:96,(anonymous_11)
FN:102,(anonymous_12)
FN:103,(anonymous_13)
FN:106,(anonymous_14)
FN:111,(anonymous_15)
FN:113,(anonymous_16)
FN:116,(anonymous_17)
FNF:18
FNH:4
FNDA:1,(anonymous_0)
FNDA:1,(anonymous_1)
FNDA:0,(anonymous_2)
FNDA:0,(anonymous_3)
FNDA:0,(anonymous_4)
FNDA:0,(anonymous_5)
FNDA:0,(anonymous_6)
FNDA:0,(anonymous_7)
FNDA:0,(anonymous_8)
FNDA:1,(anonymous_9)
FNDA:1,(anonymous_10)
FNDA:0,(anonymous_11)
FNDA:0,(anonymous_12)
FNDA:0,(anonymous_13)
FNDA:0,(anonymous_14)
FNDA:0,(anonymous_15)
FNDA:0,(anonymous_16)
FNDA:0,(anonymous_17)
DA:9,1
DA:13,1
DA:17,1
DA:18,1
DA:19,1
DA:20,1
DA:22,1
DA:24,1
DA:31,0
DA:32,0
DA:37,0
DA:38,0
DA:39,0
DA:40,0
DA:41,0
DA:42,0
DA:43,0
DA:44,0
DA:46,0
DA:49,0
DA:50,0
DA:51,0
DA:52,0
DA:53,0
DA:54,0
DA:55,0
DA:59,0
DA:60,0
DA:66,0
DA:67,0
DA:68,0
DA:69,0
DA:70,0
DA:71,0
DA:73,0
DA:74,0
DA:83,1
DA:84,1
DA:85,1
DA:86,1
DA:87,1
DA:88,1
DA:89,1
DA:90,1
DA:91,1
DA:92,1
DA:93,1
DA:94,1
DA:95,1
DA:97,0
DA:98,0
DA:103,0
DA:104,0
DA:105,0
DA:107,0
DA:112,0
DA:114,0
DA:115,0
DA:117,0
LF:59
LH:21
BRDA:18,0,0,1
BRDA:18,0,1,1
BRDA:19,1,0,1
BRDA:19,1,1,1
BRDA:20,2,0,1
BRDA:20,2,1,1
BRDA:50,3,0,0
BRDA:50,3,1,0
BRDA:53,4,0,0
BRDA:53,4,1,0
BRDA:85,5,0,1
BRDA:85,5,1,1
BRDA:86,6,0,1
BRDA:86,6,1,1
BRDA:87,7,0,1
BRDA:87,7,1,1
BRDA:88,8,0,1
BRDA:88,8,1,1
BRDA:89,9,0,1
BRDA:89,9,1,1
BRDA:90,10,0,1
BRDA:90,10,1,1
BRDA:91,11,0,1
BRDA:91,11,1,1
BRDA:92,12,0,1
BRDA:92,12,1,1
BRF:26
BRH:22
end_of_record
TN:
SF:server/model/index.js
FNF:0
FNH:0
DA:1,1
LF:1
LH:1
BRF:0
BRH:0
end_of_record
TN:
SF:server/model/reviews.js
FN:7,(anonymous_0)
FN:29,(anonymous_1)
FN:32,(anonymous_2)
FN:55,(anonymous_3)
FN:56,(anonymous_4)
FN:57,(anonymous_5)
FN:62,(anonymous_6)
FN:69,(anonymous_7)
FN:72,(anonymous_8)
FN:75,(anonymous_9)
FN:78,(anonymous_10)
FN:80,(anonymous_11)
FN:81,(anonymous_12)
FN:86,(anonymous_13)
FN:95,(anonymous_14)
FN:98,(anonymous_15)
FN:105,(anonymous_16)
FNF:17
FNH:3
FNDA:1,(anonymous_0)
FNDA:0,(anonymous_1)
FNDA:0,(anonymous_2)
FNDA:0,(anonymous_3)
FNDA:0,(anonymous_4)
FNDA:0,(anonymous_5)
FNDA:1,(anonymous_6)
FNDA:1,(anonymous_7)
FNDA:0,(anonymous_8)
FNDA:0,(anonymous_9)
FNDA:0,(anonymous_10)
FNDA:0,(anonymous_11)
FNDA:0,(anonymous_12)
FNDA:0,(anonymous_13)
FNDA:0,(anonymous_14)
FNDA:0,(anonymous_15)
FNDA:0,(anonymous_16)
DA:3,1
DA:6,1
DA:9,1
DA:10,1
DA:11,1
DA:12,0
DA:13,0
DA:14,0
DA:15,0
DA:19,1
DA:29,0
DA:34,0
DA:41,0
DA:48,0
DA:55,0
DA:56,0
DA:57,0
DA:59,0
DA:63,1
DA:69,1
DA:70,1
DA:71,1
DA:72,1
DA:73,0
DA:75,0
DA:77,1
DA:78,1
DA:79,0
DA:80,0
DA:81,0
DA:88,0
DA:95,0
DA:99,0
DA:105,0
LF:34
LH:13
BRDA:10,0,0,1
BRDA:10,0,1,0
BRDA:12,1,0,0
BRDA:12,1,1,0
BRDA:14,2,0,0
BRDA:14,2,1,0
BRF:6
BRH:1
end_of_record
TN:
SF:server/router/index.js
FNF:0
FNH:0
DA:1,1
DA:2,1
DA:4,1
DA:5,1
DA:6,1
DA:7,1
DA:8,1
DA:10,1
LF:8
LH:8
BRF:0
BRH:0
end_of_record
